        -:    0:Source:Calculator.c
        -:    0:Graph:Calculator.gcno
        -:    0:Data:-
        -:    0:Runs:0
        -:    0:Programs:0
        -:    1:#include <stdio.h>
        -:    2:#include "inc/complex_calculator.h"
        -:    3:
    #####:    4:int main()
        -:    5:{
        -:    6:    int choice;
        -:    7:    float a,b,c,d;
        -:    8:    complex_t num1;
        -:    9:    complex_t num2;
    #####:   10:    complex_t ans={0,0};
    %%%%%:   10-block  0
        -:   11:    while(1)
        -:   12:    {
    #####:   13:        printf("Complex calculator: \n");
    %%%%%:   13-block  0
    %%%%%:   13-block  1
    #####:   14:        printf("Enter the choice: ");
    #####:   15:        printf("1 -> addition ");
    #####:   16:        printf("2 -> difference ");
    #####:   17:        printf("3 -> Multiplication");
    #####:   18:        printf("4 -> Division");
    #####:   19:        printf("5 -> Finish");
    #####:   20:        printf("Enter the number.\n");
    #####:   21:        scanf("%d", &choice);
        -:   22:
    #####:   23:        if(choice == 1){
    #####:   24:                printf("Enter real and imaginary part of num1 ");
    %%%%%:   24-block  0
    #####:   25:                scanf("%f %f", &a,&b);
    #####:   26:                printf("Enter real and imaginary part of num2 ");
    #####:   27:                scanf("%f %f", &c,&d);
    #####:   28:                complex_t num1={a,b};
    #####:   29:                complex_t num2={c,d};
    #####:   30:                error_t res = complex_sum(&num1,&num2,&ans);
        -:   31:            }
        -:   32:        
    #####:   33:        if(choice == 2){
    %%%%%:   33-block  0
    #####:   34:                printf("Enter real and imaginary part of num1 ");
    %%%%%:   34-block  0
    #####:   35:                scanf("%f %f", &a,&b);
    #####:   36:                printf("Enter real and imaginary part of num2 ");
    #####:   37:                scanf("%f %f", &c,&d);
    #####:   38:                complex_t num1={a,b};
    #####:   39:                complex_t num2={c,d};
    #####:   40:                error_t res = complex_difference(&num1,&num2,&ans);
        -:   41:            }
        -:   42:
    #####:   43:        if(choice == 3){
    %%%%%:   43-block  0
    #####:   44:                printf("Enter real and imaginary part of num1 ");
    %%%%%:   44-block  0
    #####:   45:                scanf("%f %f", &a,&b);
    #####:   46:                printf("Enter real and imaginary part of num2 ");
    #####:   47:                scanf("%f %f", &c,&d);
    #####:   48:                complex_t num1={a,b};
    #####:   49:                complex_t num2={c,d};
    #####:   50:                error_t res = complex_product(&num1,&num2,&ans);
        -:   51:            }
        -:   52:
    #####:   53:        if(choice == 4){
    %%%%%:   53-block  0
    #####:   54:                printf("Enter real and imaginary part of num1 ");
    %%%%%:   54-block  0
    #####:   55:                scanf("%f %f", &a,&b);
    #####:   56:                printf("Enter real and imaginary part of num2 ");
    #####:   57:                scanf("%f %f", &c,&d);
    #####:   58:                complex_t num1={a,b};
    #####:   59:                complex_t num2={c,d};
    #####:   60:                error_t res = complex_division(&num1,&num2,&ans);
        -:   61:            }
        -:   62:        
    #####:   63:        if(choice == 5){
    %%%%%:   63-block  0
    #####:   64:                break;
    %%%%%:   64-block  0
        -:   65:            }
        -:   66:
        -:   67:    }
    #####:   68:return 0;
    %%%%%:   68-block  0
        -:   69:        
        -:   70:}
